CRITICAL - 2023-11-19 11:58:04 --> Undefined constant "i"
in APPPATH\Views\pages\reservation.php on line 63.
 1 SYSTEMPATH\View\View.php(228): include()
 2 SYSTEMPATH\View\View.php(231): CodeIgniter\View\View->CodeIgniter\View\{closure}()
 3 SYSTEMPATH\Common.php(1190): CodeIgniter\View\View->render('pages/reservation', [], true)
 4 APPPATH\Controllers\ReservationController.php(11): view('pages/reservation')
 5 SYSTEMPATH\CodeIgniter.php(942): App\Controllers\ReservationController->index()
 6 SYSTEMPATH\CodeIgniter.php(502): CodeIgniter\CodeIgniter->runController(Object(App\Controllers\ReservationController))
 7 SYSTEMPATH\CodeIgniter.php(361): CodeIgniter\CodeIgniter->handleRequest(null, Object(Config\Cache), false)
 8 FCPATH\index.php(79): CodeIgniter\CodeIgniter->run()
 9 SYSTEMPATH\Commands\Server\rewrite.php(47): require_once('C:\\xampp\\htdocs\\reserve_web\\public\\index.php')
CRITICAL - 2023-11-19 11:58:31 --> syntax error, unexpected variable "$i"
in APPPATH\Views\pages\reservation.php on line 63.
 1 SYSTEMPATH\View\View.php(231): CodeIgniter\View\View->CodeIgniter\View\{closure}()
 2 SYSTEMPATH\Common.php(1190): CodeIgniter\View\View->render('pages/reservation', [], true)
 3 APPPATH\Controllers\ReservationController.php(11): view('pages/reservation')
 4 SYSTEMPATH\CodeIgniter.php(942): App\Controllers\ReservationController->index()
 5 SYSTEMPATH\CodeIgniter.php(502): CodeIgniter\CodeIgniter->runController(Object(App\Controllers\ReservationController))
 6 SYSTEMPATH\CodeIgniter.php(361): CodeIgniter\CodeIgniter->handleRequest(null, Object(Config\Cache), false)
 7 FCPATH\index.php(79): CodeIgniter\CodeIgniter->run()
 8 SYSTEMPATH\Commands\Server\rewrite.php(47): require_once('C:\\xampp\\htdocs\\reserve_web\\public\\index.php')
CRITICAL - 2023-11-19 11:59:00 --> Undefined constant "i"
in APPPATH\Views\pages\reservation.php on line 64.
 1 SYSTEMPATH\View\View.php(228): include()
 2 SYSTEMPATH\View\View.php(231): CodeIgniter\View\View->CodeIgniter\View\{closure}()
 3 SYSTEMPATH\Common.php(1190): CodeIgniter\View\View->render('pages/reservation', [], true)
 4 APPPATH\Controllers\ReservationController.php(11): view('pages/reservation')
 5 SYSTEMPATH\CodeIgniter.php(942): App\Controllers\ReservationController->index()
 6 SYSTEMPATH\CodeIgniter.php(502): CodeIgniter\CodeIgniter->runController(Object(App\Controllers\ReservationController))
 7 SYSTEMPATH\CodeIgniter.php(361): CodeIgniter\CodeIgniter->handleRequest(null, Object(Config\Cache), false)
 8 FCPATH\index.php(79): CodeIgniter\CodeIgniter->run()
 9 SYSTEMPATH\Commands\Server\rewrite.php(47): require_once('C:\\xampp\\htdocs\\reserve_web\\public\\index.php')
CRITICAL - 2023-11-19 12:00:25 --> Unsupported operand types: int + string
in APPPATH\Views\pages\reservation.php on line 53.
 1 SYSTEMPATH\View\View.php(228): include()
 2 SYSTEMPATH\View\View.php(231): CodeIgniter\View\View->CodeIgniter\View\{closure}()
 3 SYSTEMPATH\Common.php(1190): CodeIgniter\View\View->render('pages/reservation', [], true)
 4 APPPATH\Controllers\ReservationController.php(11): view('pages/reservation')
 5 SYSTEMPATH\CodeIgniter.php(942): App\Controllers\ReservationController->index()
 6 SYSTEMPATH\CodeIgniter.php(502): CodeIgniter\CodeIgniter->runController(Object(App\Controllers\ReservationController))
 7 SYSTEMPATH\CodeIgniter.php(361): CodeIgniter\CodeIgniter->handleRequest(null, Object(Config\Cache), false)
 8 FCPATH\index.php(79): CodeIgniter\CodeIgniter->run()
 9 SYSTEMPATH\Commands\Server\rewrite.php(47): require_once('C:\\xampp\\htdocs\\reserve_web\\public\\index.php')
