CRITICAL - 2023-11-14 14:15:34 --> Call to undefined method CodeIgniter\View\View::extends()
in APPPATH\Views\pages\home.php on line 2.
 1 SYSTEMPATH\View\View.php(228): include()
 2 SYSTEMPATH\View\View.php(231): CodeIgniter\View\View->CodeIgniter\View\{closure}()
 3 SYSTEMPATH\Common.php(1190): CodeIgniter\View\View->render('pages/home', [], true)
 4 APPPATH\Controllers\ReservesController.php(11): view('pages/home')
 5 SYSTEMPATH\CodeIgniter.php(942): App\Controllers\ReservesController->index()
 6 SYSTEMPATH\CodeIgniter.php(502): CodeIgniter\CodeIgniter->runController(Object(App\Controllers\ReservesController))
 7 SYSTEMPATH\CodeIgniter.php(361): CodeIgniter\CodeIgniter->handleRequest(null, Object(Config\Cache), false)
 8 FCPATH\index.php(79): CodeIgniter\CodeIgniter->run()
 9 SYSTEMPATH\Commands\Server\rewrite.php(47): require_once('C:\\xampp\\htdocs\\reserve_web\\public\\index.php')
CRITICAL - 2023-11-14 14:17:46 --> Call to undefined method CodeIgniter\View\View::extends()
in APPPATH\Views\pages\home.php on line 2.
 1 SYSTEMPATH\View\View.php(228): include()
 2 SYSTEMPATH\View\View.php(231): CodeIgniter\View\View->CodeIgniter\View\{closure}()
 3 SYSTEMPATH\Common.php(1190): CodeIgniter\View\View->render('pages/home', [], true)
 4 APPPATH\Controllers\ReservesController.php(11): view('pages/home')
 5 SYSTEMPATH\CodeIgniter.php(942): App\Controllers\ReservesController->index()
 6 SYSTEMPATH\CodeIgniter.php(502): CodeIgniter\CodeIgniter->runController(Object(App\Controllers\ReservesController))
 7 SYSTEMPATH\CodeIgniter.php(361): CodeIgniter\CodeIgniter->handleRequest(null, Object(Config\Cache), false)
 8 FCPATH\index.php(79): CodeIgniter\CodeIgniter->run()
 9 SYSTEMPATH\Commands\Server\rewrite.php(47): require_once('C:\\xampp\\htdocs\\reserve_web\\public\\index.php')
